-----------------------------------------------------------------------------------
Dump has called function "list_insert_after" in "LIST/list-func.cpp:108"
Reason to dump: dump before insert
Not errors in list
List stats:
  Name list: "test_list"
  Place creation "LIST/test-list.cpp:22"
    ---------------
  Head: [0000]
  Tail: [0000]
  Free: [0001]
List:
INDEX  |  DATA   NEXT   PREV
[0000] | [0000] [0000] [0000]
[0001] | [-001] [0002] [0000]
[0002] | [-001] [0003] [0001]
[0003] | [-001] [0004] [0002]
[0004] | [-001] [0005] [0003]
[0005] | [-001] [0006] [0004]
[0006] | [-001] [0007] [0005]
[0007] | [-001] [0000] [0006]
-----------------------------------------------------------------------------------
-----------------------------------------------------------------------------------
Dump has called function "list_insert_after" in "LIST/list-func.cpp:141"
Reason to dump: dump after insert
Not errors in list
List stats:
  Name list: "test_list"
  Place creation "LIST/test-list.cpp:22"
    ---------------
  Head: [0001]
  Tail: [0001]
  Free: [0002]
List:
INDEX  |  DATA   NEXT   PREV
[0000] | [0000] [0000] [0000]
[0001] | [0060] [0000] [0000]
[0002] | [-001] [0003] [-001]
[0003] | [-001] [0004] [0002]
[0004] | [-001] [0005] [0003]
[0005] | [-001] [0006] [0004]
[0006] | [-001] [0007] [0005]
[0007] | [-001] [0000] [0006]
-----------------------------------------------------------------------------------
-----------------------------------------------------------------------------------
Dump has called function "list_insert_after" in "LIST/list-func.cpp:108"
Reason to dump: dump before insert
Not errors in list
List stats:
  Name list: "test_list"
  Place creation "LIST/test-list.cpp:22"
    ---------------
  Head: [0001]
  Tail: [0001]
  Free: [0002]
List:
INDEX  |  DATA   NEXT   PREV
[0000] | [0000] [0000] [0000]
[0001] | [0060] [0000] [0000]
[0002] | [-001] [0003] [-001]
[0003] | [-001] [0004] [0002]
[0004] | [-001] [0005] [0003]
[0005] | [-001] [0006] [0004]
[0006] | [-001] [0007] [0005]
[0007] | [-001] [0000] [0006]
-----------------------------------------------------------------------------------
-----------------------------------------------------------------------------------
Dump has called function "list_insert_after" in "LIST/list-func.cpp:141"
Reason to dump: dump after insert
Not errors in list
List stats:
  Name list: "test_list"
  Place creation "LIST/test-list.cpp:22"
    ---------------
  Head: [0001]
  Tail: [0002]
  Free: [0003]
List:
INDEX  |  DATA   NEXT   PREV
[0000] | [0000] [0000] [0000]
[0001] | [0060] [0002] [0000]
[0002] | [0060] [0000] [0001]
[0003] | [-001] [0004] [-001]
[0004] | [-001] [0005] [0003]
[0005] | [-001] [0006] [0004]
[0006] | [-001] [0007] [0005]
[0007] | [-001] [0000] [0006]
-----------------------------------------------------------------------------------
-----------------------------------------------------------------------------------
Dump has called function "list_print" in "LIST/list-func.cpp:602"
Reason to dump: dump before print
Not errors in list
List stats:
  Name list: "test_list"
  Place creation "LIST/test-list.cpp:22"
    ---------------
  Head: [0001]
  Tail: [0002]
  Free: [0003]
List:
INDEX  |  DATA   NEXT   PREV
[0000] | [0000] [0000] [0000]
[0001] | [0060] [0002] [0000]
[0002] | [0060] [0000] [0001]
[0003] | [-001] [0004] [-001]
[0004] | [-001] [0005] [0003]
[0005] | [-001] [0006] [0004]
[0006] | [-001] [0007] [0005]
[0007] | [-001] [0000] [0006]
-----------------------------------------------------------------------------------
