-----------------------------------------------------------------------------------
Dump has called function "insertAfter" in "LIST/test-list.cpp:25"
Time after start: [9] miliseconds
Reason to dump: DUMP from insertAfter before insert [50] after [0]

Not errors in list
List stats:
    Name list: "test_list"
    Place creation "LIST/test-list.cpp:21"
    ----------------
    Head: [       0]
    Tail: [       1]
    Free: [       1]
INDEX  | DATA       NEXT       PREV
[   0] | [   57054] [       0] [       1]
[   1] | [   57054] [       2] [      -1]
[   2] | [   57054] [       3] [      -1]
[   3] | [   57054] [       4] [      -1]
[   4] | [   57054] [       5] [      -1]
[   5] | [   57054] [       6] [      -1]
[   6] | [   57054] [       7] [      -1]
[   7] | [   57054] [       8] [      -1]
[   8] | [   57054] [       9] [      -1]
[   9] | [   57054] [      10] [      -1]
[  10] | [   57054] [      11] [      -1]
[  11] | [   57054] [      12] [      -1]
[  12] | [   57054] [      13] [      -1]
[  13] | [   57054] [      14] [      -1]
[  14] | [   57054] [      15] [      -1]
[  15] | [   57054] [       0] [      -1]
-----------------------------------------------------------------------------------
-----------------------------------------------------------------------------------
Dump has called function "insertAfter" in "LIST/test-list.cpp:25"
Time after start: [226] miliseconds
Reason to dump: DUMP from insertAfter after insert [50] after [0]

Not errors in list
List stats:
    Name list: "test_list"
    Place creation "LIST/test-list.cpp:21"
    ----------------
    Head: [       1]
    Tail: [       1]
    Free: [       2]
INDEX  | DATA       NEXT       PREV
[   0] | [   57054] [       1] [       1]
[   1] | [      50] [       0] [       0]
[   2] | [   57054] [       3] [      -1]
[   3] | [   57054] [       4] [      -1]
[   4] | [   57054] [       5] [      -1]
[   5] | [   57054] [       6] [      -1]
[   6] | [   57054] [       7] [      -1]
[   7] | [   57054] [       8] [      -1]
[   8] | [   57054] [       9] [      -1]
[   9] | [   57054] [      10] [      -1]
[  10] | [   57054] [      11] [      -1]
[  11] | [   57054] [      12] [      -1]
[  12] | [   57054] [      13] [      -1]
[  13] | [   57054] [      14] [      -1]
[  14] | [   57054] [      15] [      -1]
[  15] | [   57054] [       0] [      -1]
-----------------------------------------------------------------------------------
-----------------------------------------------------------------------------------
Dump has called function "insertAfter" in "LIST/test-list.cpp:26"
Time after start: [485] miliseconds
Reason to dump: DUMP from insertAfter before insert [40] after [1]

Not errors in list
List stats:
    Name list: "test_list"
    Place creation "LIST/test-list.cpp:21"
    ----------------
    Head: [       1]
    Tail: [       1]
    Free: [       2]
INDEX  | DATA       NEXT       PREV
[   0] | [   57054] [       1] [       1]
[   1] | [      50] [       0] [       0]
[   2] | [   57054] [       3] [      -1]
[   3] | [   57054] [       4] [      -1]
[   4] | [   57054] [       5] [      -1]
[   5] | [   57054] [       6] [      -1]
[   6] | [   57054] [       7] [      -1]
[   7] | [   57054] [       8] [      -1]
[   8] | [   57054] [       9] [      -1]
[   9] | [   57054] [      10] [      -1]
[  10] | [   57054] [      11] [      -1]
[  11] | [   57054] [      12] [      -1]
[  12] | [   57054] [      13] [      -1]
[  13] | [   57054] [      14] [      -1]
[  14] | [   57054] [      15] [      -1]
[  15] | [   57054] [       0] [      -1]
-----------------------------------------------------------------------------------
-----------------------------------------------------------------------------------
Dump has called function "insertAfter" in "LIST/test-list.cpp:26"
Time after start: [735] miliseconds
Reason to dump: DUMP from insertAfter after insert [40] after [1]

Not errors in list
List stats:
    Name list: "test_list"
    Place creation "LIST/test-list.cpp:21"
    ----------------
    Head: [       1]
    Tail: [       2]
    Free: [       3]
INDEX  | DATA       NEXT       PREV
[   0] | [   57054] [       1] [       2]
[   1] | [      50] [       2] [       0]
[   2] | [      40] [       0] [       1]
[   3] | [   57054] [       4] [      -1]
[   4] | [   57054] [       5] [      -1]
[   5] | [   57054] [       6] [      -1]
[   6] | [   57054] [       7] [      -1]
[   7] | [   57054] [       8] [      -1]
[   8] | [   57054] [       9] [      -1]
[   9] | [   57054] [      10] [      -1]
[  10] | [   57054] [      11] [      -1]
[  11] | [   57054] [      12] [      -1]
[  12] | [   57054] [      13] [      -1]
[  13] | [   57054] [      14] [      -1]
[  14] | [   57054] [      15] [      -1]
[  15] | [   57054] [       0] [      -1]
-----------------------------------------------------------------------------------
-----------------------------------------------------------------------------------
Dump has called function "insertAfter" in "LIST/test-list.cpp:27"
Time after start: [981] miliseconds
Reason to dump: DUMP from insertAfter before insert [30] after [2]

Not errors in list
List stats:
    Name list: "test_list"
    Place creation "LIST/test-list.cpp:21"
    ----------------
    Head: [       1]
    Tail: [       2]
    Free: [       3]
INDEX  | DATA       NEXT       PREV
[   0] | [   57054] [       1] [       2]
[   1] | [      50] [       2] [       0]
[   2] | [      40] [       0] [       1]
[   3] | [   57054] [       4] [      -1]
[   4] | [   57054] [       5] [      -1]
[   5] | [   57054] [       6] [      -1]
[   6] | [   57054] [       7] [      -1]
[   7] | [   57054] [       8] [      -1]
[   8] | [   57054] [       9] [      -1]
[   9] | [   57054] [      10] [      -1]
[  10] | [   57054] [      11] [      -1]
[  11] | [   57054] [      12] [      -1]
[  12] | [   57054] [      13] [      -1]
[  13] | [   57054] [      14] [      -1]
[  14] | [   57054] [      15] [      -1]
[  15] | [   57054] [       0] [      -1]
-----------------------------------------------------------------------------------
-----------------------------------------------------------------------------------
Dump has called function "insertAfter" in "LIST/test-list.cpp:27"
Time after start: [1239] miliseconds
Reason to dump: DUMP from insertAfter after insert [30] after [2]

Not errors in list
List stats:
    Name list: "test_list"
    Place creation "LIST/test-list.cpp:21"
    ----------------
    Head: [       1]
    Tail: [       3]
    Free: [       4]
INDEX  | DATA       NEXT       PREV
[   0] | [   57054] [       1] [       3]
[   1] | [      50] [       2] [       0]
[   2] | [      40] [       3] [       1]
[   3] | [      30] [       0] [       2]
[   4] | [   57054] [       5] [      -1]
[   5] | [   57054] [       6] [      -1]
[   6] | [   57054] [       7] [      -1]
[   7] | [   57054] [       8] [      -1]
[   8] | [   57054] [       9] [      -1]
[   9] | [   57054] [      10] [      -1]
[  10] | [   57054] [      11] [      -1]
[  11] | [   57054] [      12] [      -1]
[  12] | [   57054] [      13] [      -1]
[  13] | [   57054] [      14] [      -1]
[  14] | [   57054] [      15] [      -1]
[  15] | [   57054] [       0] [      -1]
-----------------------------------------------------------------------------------
-----------------------------------------------------------------------------------
Dump has called function "insertAfter" in "LIST/test-list.cpp:30"
Time after start: [1445] miliseconds
Reason to dump: DUMP from insertAfter before insert [41] after [3]

Not errors in list
List stats:
    Name list: "test_list"
    Place creation "LIST/test-list.cpp:21"
    ----------------
    Head: [       1]
    Tail: [       3]
    Free: [       4]
INDEX  | DATA       NEXT       PREV
[   0] | [   57054] [       1] [       3]
[   1] | [      50] [       2] [       0]
[   2] | [      40] [       3] [       1]
[   3] | [      30] [       0] [       2]
[   4] | [   57054] [       5] [      -1]
[   5] | [   57054] [       6] [      -1]
[   6] | [   57054] [       7] [      -1]
[   7] | [   57054] [       8] [      -1]
[   8] | [   57054] [       9] [      -1]
[   9] | [   57054] [      10] [      -1]
[  10] | [   57054] [      11] [      -1]
[  11] | [   57054] [      12] [      -1]
[  12] | [   57054] [      13] [      -1]
[  13] | [   57054] [      14] [      -1]
[  14] | [   57054] [      15] [      -1]
[  15] | [   57054] [       0] [      -1]
-----------------------------------------------------------------------------------
-----------------------------------------------------------------------------------
Dump has called function "insertAfter" in "LIST/test-list.cpp:30"
Time after start: [1639] miliseconds
Reason to dump: DUMP from insertAfter after insert [41] after [3]

Not errors in list
List stats:
    Name list: "test_list"
    Place creation "LIST/test-list.cpp:21"
    ----------------
    Head: [       1]
    Tail: [       4]
    Free: [       5]
INDEX  | DATA       NEXT       PREV
[   0] | [   57054] [       1] [       4]
[   1] | [      50] [       2] [       0]
[   2] | [      40] [       3] [       1]
[   3] | [      30] [       4] [       2]
[   4] | [      41] [       0] [       3]
[   5] | [   57054] [       6] [      -1]
[   6] | [   57054] [       7] [      -1]
[   7] | [   57054] [       8] [      -1]
[   8] | [   57054] [       9] [      -1]
[   9] | [   57054] [      10] [      -1]
[  10] | [   57054] [      11] [      -1]
[  11] | [   57054] [      12] [      -1]
[  12] | [   57054] [      13] [      -1]
[  13] | [   57054] [      14] [      -1]
[  14] | [   57054] [      15] [      -1]
[  15] | [   57054] [       0] [      -1]
-----------------------------------------------------------------------------------
-----------------------------------------------------------------------------------
Dump has called function "insertAfter" in "LIST/test-list.cpp:31"
Time after start: [1853] miliseconds
Reason to dump: DUMP from insertAfter before insert [42] after [3]

Not errors in list
List stats:
    Name list: "test_list"
    Place creation "LIST/test-list.cpp:21"
    ----------------
    Head: [       1]
    Tail: [       4]
    Free: [       5]
INDEX  | DATA       NEXT       PREV
[   0] | [   57054] [       1] [       4]
[   1] | [      50] [       2] [       0]
[   2] | [      40] [       3] [       1]
[   3] | [      30] [       4] [       2]
[   4] | [      41] [       0] [       3]
[   5] | [   57054] [       6] [      -1]
[   6] | [   57054] [       7] [      -1]
[   7] | [   57054] [       8] [      -1]
[   8] | [   57054] [       9] [      -1]
[   9] | [   57054] [      10] [      -1]
[  10] | [   57054] [      11] [      -1]
[  11] | [   57054] [      12] [      -1]
[  12] | [   57054] [      13] [      -1]
[  13] | [   57054] [      14] [      -1]
[  14] | [   57054] [      15] [      -1]
[  15] | [   57054] [       0] [      -1]
-----------------------------------------------------------------------------------
-----------------------------------------------------------------------------------
Dump has called function "insertAfter" in "LIST/test-list.cpp:31"
Time after start: [2056] miliseconds
Reason to dump: DUMP from insertAfter after insert [42] after [3]

Not errors in list
List stats:
    Name list: "test_list"
    Place creation "LIST/test-list.cpp:21"
    ----------------
    Head: [       1]
    Tail: [       4]
    Free: [       6]
INDEX  | DATA       NEXT       PREV
[   0] | [   57054] [       1] [       4]
[   1] | [      50] [       2] [       0]
[   2] | [      40] [       3] [       1]
[   3] | [      30] [       5] [       2]
[   4] | [      41] [       0] [       5]
[   5] | [      42] [       4] [       3]
[   6] | [   57054] [       7] [      -1]
[   7] | [   57054] [       8] [      -1]
[   8] | [   57054] [       9] [      -1]
[   9] | [   57054] [      10] [      -1]
[  10] | [   57054] [      11] [      -1]
[  11] | [   57054] [      12] [      -1]
[  12] | [   57054] [      13] [      -1]
[  13] | [   57054] [      14] [      -1]
[  14] | [   57054] [      15] [      -1]
[  15] | [   57054] [       0] [      -1]
-----------------------------------------------------------------------------------
-----------------------------------------------------------------------------------
Dump has called function "sortList" in "LIST/test-list.cpp:33"
Time after start: [2247] miliseconds
Reason to dump: DUMP from sortList before sort

Not errors in list
List stats:
    Name list: "test_list"
    Place creation "LIST/test-list.cpp:21"
    ----------------
    Head: [       1]
    Tail: [       4]
    Free: [       6]
INDEX  | DATA       NEXT       PREV
[   0] | [   57054] [       1] [       4]
[   1] | [      50] [       2] [       0]
[   2] | [      40] [       3] [       1]
[   3] | [      30] [       5] [       2]
[   4] | [      41] [       0] [       5]
[   5] | [      42] [       4] [       3]
[   6] | [   57054] [       7] [      -1]
[   7] | [   57054] [       8] [      -1]
[   8] | [   57054] [       9] [      -1]
[   9] | [   57054] [      10] [      -1]
[  10] | [   57054] [      11] [      -1]
[  11] | [   57054] [      12] [      -1]
[  12] | [   57054] [      13] [      -1]
[  13] | [   57054] [      14] [      -1]
[  14] | [   57054] [      15] [      -1]
[  15] | [   57054] [       0] [      -1]
-----------------------------------------------------------------------------------
-----------------------------------------------------------------------------------
Dump has called function "sortList" in "LIST/test-list.cpp:33"
Time after start: [2438] miliseconds
Reason to dump: DUMP from sortList after sort

Not errors in list
List stats:
    Name list: "test_list"
    Place creation "LIST/test-list.cpp:21"
    ----------------
    Head: [       1]
    Tail: [       5]
    Free: [       6]
INDEX  | DATA       NEXT       PREV
[   0] | [   57054] [       1] [       5]
[   1] | [      30] [       2] [       0]
[   2] | [      40] [       3] [       1]
[   3] | [      41] [       4] [       2]
[   4] | [      42] [       5] [       3]
[   5] | [      50] [       0] [       4]
[   6] | [   57054] [       7] [      -1]
[   7] | [   57054] [       8] [      -1]
[   8] | [   57054] [       9] [      -1]
[   9] | [   57054] [      10] [      -1]
[  10] | [   57054] [      11] [      -1]
[  11] | [   57054] [      12] [      -1]
[  12] | [   57054] [      13] [      -1]
[  13] | [   57054] [      14] [      -1]
[  14] | [   57054] [      15] [      -1]
[  15] | [   57054] [       0] [      -1]
-----------------------------------------------------------------------------------
-----------------------------------------------------------------------------------
Dump has called function "insertAfter" in "LIST/test-list.cpp:39"
Time after start: [2630] miliseconds
Reason to dump: DUMP from insertAfter before insert [43] after [3]

Not errors in list
List stats:
    Name list: "test_list"
    Place creation "LIST/test-list.cpp:21"
    ----------------
    Head: [       1]
    Tail: [       5]
    Free: [       6]
INDEX  | DATA       NEXT       PREV
[   0] | [   57054] [       1] [       5]
[   1] | [      30] [       2] [       0]
[   2] | [      40] [       3] [       1]
[   3] | [      41] [       4] [       2]
[   4] | [      42] [       5] [       3]
[   5] | [      50] [       0] [       4]
[   6] | [   57054] [       7] [      -1]
[   7] | [   57054] [       8] [      -1]
[   8] | [   57054] [       9] [      -1]
[   9] | [   57054] [      10] [      -1]
[  10] | [   57054] [      11] [      -1]
[  11] | [   57054] [      12] [      -1]
[  12] | [   57054] [      13] [      -1]
[  13] | [   57054] [      14] [      -1]
[  14] | [   57054] [      15] [      -1]
[  15] | [   57054] [       0] [      -1]
-----------------------------------------------------------------------------------
-----------------------------------------------------------------------------------
Dump has called function "insertAfter" in "LIST/test-list.cpp:39"
Time after start: [2830] miliseconds
Reason to dump: DUMP from insertAfter after insert [43] after [3]

Not errors in list
List stats:
    Name list: "test_list"
    Place creation "LIST/test-list.cpp:21"
    ----------------
    Head: [       1]
    Tail: [       5]
    Free: [       7]
INDEX  | DATA       NEXT       PREV
[   0] | [   57054] [       1] [       5]
[   1] | [      30] [       2] [       0]
[   2] | [      40] [       3] [       1]
[   3] | [      41] [       6] [       2]
[   4] | [      42] [       5] [       6]
[   5] | [      50] [       0] [       4]
[   6] | [      43] [       4] [       3]
[   7] | [   57054] [       8] [      -1]
[   8] | [   57054] [       9] [      -1]
[   9] | [   57054] [      10] [      -1]
[  10] | [   57054] [      11] [      -1]
[  11] | [   57054] [      12] [      -1]
[  12] | [   57054] [      13] [      -1]
[  13] | [   57054] [      14] [      -1]
[  14] | [   57054] [      15] [      -1]
[  15] | [   57054] [       0] [      -1]
-----------------------------------------------------------------------------------
